[0.785s] Invoking command in '/home/harshpc/ros2_ws/src/color_tracker': DEBUGINFOD_URLS=https://debuginfod.ubuntu.com PYTHONPATH=/home/harshpc/ros2_ws/build/color_tracker/prefix_override:/usr/lib/python3/dist-packages/colcon_core/task/python/colcon_distutils_commands:/home/harshpc/ros2_ws/install/color_tracker/lib/python3.12/site-packages:${PYTHONPATH} /usr/bin/python3 -W ignore:setup.py install is deprecated -W ignore:easy_install command is deprecated setup.py egg_info --egg-base ../../build/color_tracker build --build-base /home/harshpc/ros2_ws/build/color_tracker/build install --record /home/harshpc/ros2_ws/build/color_tracker/install.log --single-version-externally-managed install_data
[0.980s] running egg_info
[0.980s] creating ../../build/color_tracker/color_tracker.egg-info
[0.993s] writing ../../build/color_tracker/color_tracker.egg-info/PKG-INFO
[0.994s] writing dependency_links to ../../build/color_tracker/color_tracker.egg-info/dependency_links.txt
[0.994s] writing entry points to ../../build/color_tracker/color_tracker.egg-info/entry_points.txt
[0.994s] writing requirements to ../../build/color_tracker/color_tracker.egg-info/requires.txt
[0.994s] writing top-level names to ../../build/color_tracker/color_tracker.egg-info/top_level.txt
[0.994s] writing manifest file '../../build/color_tracker/color_tracker.egg-info/SOURCES.txt'
[1.022s] reading manifest file '../../build/color_tracker/color_tracker.egg-info/SOURCES.txt'
[1.022s] writing manifest file '../../build/color_tracker/color_tracker.egg-info/SOURCES.txt'
[1.022s] running build
[1.022s] running build_py
[1.022s] creating /home/harshpc/ros2_ws/build/color_tracker/build
[1.022s] creating /home/harshpc/ros2_ws/build/color_tracker/build/lib
[1.023s] creating /home/harshpc/ros2_ws/build/color_tracker/build/lib/color_tracker
[1.023s] copying color_tracker/__init__.py -> /home/harshpc/ros2_ws/build/color_tracker/build/lib/color_tracker
[1.023s] copying color_tracker/color_tracker.py -> /home/harshpc/ros2_ws/build/color_tracker/build/lib/color_tracker
[1.023s] running install
[1.028s] running install_lib
[1.042s] creating /home/harshpc/ros2_ws/install/color_tracker/lib/python3.12/site-packages/color_tracker
[1.042s] copying /home/harshpc/ros2_ws/build/color_tracker/build/lib/color_tracker/__init__.py -> /home/harshpc/ros2_ws/install/color_tracker/lib/python3.12/site-packages/color_tracker
[1.042s] copying /home/harshpc/ros2_ws/build/color_tracker/build/lib/color_tracker/color_tracker.py -> /home/harshpc/ros2_ws/install/color_tracker/lib/python3.12/site-packages/color_tracker
[1.042s] byte-compiling /home/harshpc/ros2_ws/install/color_tracker/lib/python3.12/site-packages/color_tracker/__init__.py to __init__.cpython-312.pyc
[1.043s] byte-compiling /home/harshpc/ros2_ws/install/color_tracker/lib/python3.12/site-packages/color_tracker/color_tracker.py to color_tracker.cpython-312.pyc
[1.043s] running install_data
[1.043s] creating /home/harshpc/ros2_ws/install/color_tracker/share/ament_index
[1.043s] creating /home/harshpc/ros2_ws/install/color_tracker/share/ament_index/resource_index
[1.043s] creating /home/harshpc/ros2_ws/install/color_tracker/share/ament_index/resource_index/packages
[1.043s] copying resource/color_tracker -> /home/harshpc/ros2_ws/install/color_tracker/share/ament_index/resource_index/packages
[1.043s] copying package.xml -> /home/harshpc/ros2_ws/install/color_tracker/share/color_tracker
[1.043s] running install_egg_info
[1.059s] Copying ../../build/color_tracker/color_tracker.egg-info to /home/harshpc/ros2_ws/install/color_tracker/lib/python3.12/site-packages/color_tracker-0.0.0-py3.12.egg-info
[1.060s] running install_scripts
[1.158s] Installing color_tracker script to /home/harshpc/ros2_ws/install/color_tracker/lib/color_tracker
[1.158s] writing list of installed files to '/home/harshpc/ros2_ws/build/color_tracker/install.log'
[1.183s] Invoked command in '/home/harshpc/ros2_ws/src/color_tracker' returned '0': DEBUGINFOD_URLS=https://debuginfod.ubuntu.com PYTHONPATH=/home/harshpc/ros2_ws/build/color_tracker/prefix_override:/usr/lib/python3/dist-packages/colcon_core/task/python/colcon_distutils_commands:/home/harshpc/ros2_ws/install/color_tracker/lib/python3.12/site-packages:${PYTHONPATH} /usr/bin/python3 -W ignore:setup.py install is deprecated -W ignore:easy_install command is deprecated setup.py egg_info --egg-base ../../build/color_tracker build --build-base /home/harshpc/ros2_ws/build/color_tracker/build install --record /home/harshpc/ros2_ws/build/color_tracker/install.log --single-version-externally-managed install_data
