[0.694s] Invoking command in '/home/harshpc/ros2_ws/src/color_tracker': DEBUGINFOD_URLS=https://debuginfod.ubuntu.com PYTHONPATH=/home/harshpc/ros2_ws/build/color_tracker/prefix_override:/usr/lib/python3/dist-packages/colcon_core/task/python/colcon_distutils_commands:/home/harshpc/ros2_ws/install/color_tracker/lib/python3.12/site-packages:${PYTHONPATH} /usr/bin/python3 -W ignore:setup.py install is deprecated -W ignore:easy_install command is deprecated setup.py egg_info --egg-base ../../build/color_tracker build --build-base /home/harshpc/ros2_ws/build/color_tracker/build install --record /home/harshpc/ros2_ws/build/color_tracker/install.log --single-version-externally-managed install_data
[0.954s] running egg_info
[0.973s] writing ../../build/color_tracker/color_tracker.egg-info/PKG-INFO
[0.973s] writing dependency_links to ../../build/color_tracker/color_tracker.egg-info/dependency_links.txt
[0.974s] writing entry points to ../../build/color_tracker/color_tracker.egg-info/entry_points.txt
[0.974s] writing requirements to ../../build/color_tracker/color_tracker.egg-info/requires.txt
[0.974s] writing top-level names to ../../build/color_tracker/color_tracker.egg-info/top_level.txt
[1.006s] reading manifest file '../../build/color_tracker/color_tracker.egg-info/SOURCES.txt'
[1.007s] writing manifest file '../../build/color_tracker/color_tracker.egg-info/SOURCES.txt'
[1.007s] running build
[1.007s] running build_py
[1.008s] copying color_tracker/color_detector.py -> /home/harshpc/ros2_ws/build/color_tracker/build/lib/color_tracker
[1.008s] running install
[1.016s] running install_lib
[1.031s] copying /home/harshpc/ros2_ws/build/color_tracker/build/lib/color_tracker/color_detector.py -> /home/harshpc/ros2_ws/install/color_tracker/lib/python3.12/site-packages/color_tracker
[1.032s] byte-compiling /home/harshpc/ros2_ws/install/color_tracker/lib/python3.12/site-packages/color_tracker/color_detector.py to color_detector.cpython-312.pyc
[1.033s] running install_data
[1.033s] running install_egg_info
[1.052s] removing '/home/harshpc/ros2_ws/install/color_tracker/lib/python3.12/site-packages/color_tracker-0.0.0-py3.12.egg-info' (and everything under it)
[1.052s] Copying ../../build/color_tracker/color_tracker.egg-info to /home/harshpc/ros2_ws/install/color_tracker/lib/python3.12/site-packages/color_tracker-0.0.0-py3.12.egg-info
[1.053s] running install_scripts
[1.161s] Installing color_detector script to /home/harshpc/ros2_ws/install/color_tracker/lib/color_tracker
[1.161s] Installing navigator script to /home/harshpc/ros2_ws/install/color_tracker/lib/color_tracker
[1.161s] writing list of installed files to '/home/harshpc/ros2_ws/build/color_tracker/install.log'
[1.190s] Invoked command in '/home/harshpc/ros2_ws/src/color_tracker' returned '0': DEBUGINFOD_URLS=https://debuginfod.ubuntu.com PYTHONPATH=/home/harshpc/ros2_ws/build/color_tracker/prefix_override:/usr/lib/python3/dist-packages/colcon_core/task/python/colcon_distutils_commands:/home/harshpc/ros2_ws/install/color_tracker/lib/python3.12/site-packages:${PYTHONPATH} /usr/bin/python3 -W ignore:setup.py install is deprecated -W ignore:easy_install command is deprecated setup.py egg_info --egg-base ../../build/color_tracker build --build-base /home/harshpc/ros2_ws/build/color_tracker/build install --record /home/harshpc/ros2_ws/build/color_tracker/install.log --single-version-externally-managed install_data
