[0.712s] Invoking command in '/home/harshpc/ros2_ws/src/color_tracker': DEBUGINFOD_URLS=https://debuginfod.ubuntu.com PYTHONPATH=/home/harshpc/ros2_ws/build/color_tracker/prefix_override:/usr/lib/python3/dist-packages/colcon_core/task/python/colcon_distutils_commands:/home/harshpc/ros2_ws/install/color_tracker/lib/python3.12/site-packages:${PYTHONPATH} /usr/bin/python3 -W ignore:setup.py install is deprecated -W ignore:easy_install command is deprecated setup.py egg_info --egg-base ../../build/color_tracker build --build-base /home/harshpc/ros2_ws/build/color_tracker/build install --record /home/harshpc/ros2_ws/build/color_tracker/install.log --single-version-externally-managed install_data
[0.947s] running egg_info
[0.961s] writing ../../build/color_tracker/color_tracker.egg-info/PKG-INFO
[0.962s] writing dependency_links to ../../build/color_tracker/color_tracker.egg-info/dependency_links.txt
[0.962s] writing entry points to ../../build/color_tracker/color_tracker.egg-info/entry_points.txt
[0.962s] writing requirements to ../../build/color_tracker/color_tracker.egg-info/requires.txt
[0.962s] writing top-level names to ../../build/color_tracker/color_tracker.egg-info/top_level.txt
[0.989s] reading manifest file '../../build/color_tracker/color_tracker.egg-info/SOURCES.txt'
[0.989s] writing manifest file '../../build/color_tracker/color_tracker.egg-info/SOURCES.txt'
[0.989s] running build
[0.990s] running build_py
[0.990s] running install
[0.994s] running install_lib
[1.009s] running install_data
[1.009s] running install_egg_info
[1.034s] removing '/home/harshpc/ros2_ws/install/color_tracker/lib/python3.12/site-packages/color_tracker-0.0.0-py3.12.egg-info' (and everything under it)
[1.034s] Copying ../../build/color_tracker/color_tracker.egg-info to /home/harshpc/ros2_ws/install/color_tracker/lib/python3.12/site-packages/color_tracker-0.0.0-py3.12.egg-info
[1.034s] running install_scripts
[1.133s] Installing color_detector script to /home/harshpc/ros2_ws/install/color_tracker/lib/color_tracker
[1.134s] Installing navigator script to /home/harshpc/ros2_ws/install/color_tracker/lib/color_tracker
[1.134s] writing list of installed files to '/home/harshpc/ros2_ws/build/color_tracker/install.log'
[1.160s] Invoked command in '/home/harshpc/ros2_ws/src/color_tracker' returned '0': DEBUGINFOD_URLS=https://debuginfod.ubuntu.com PYTHONPATH=/home/harshpc/ros2_ws/build/color_tracker/prefix_override:/usr/lib/python3/dist-packages/colcon_core/task/python/colcon_distutils_commands:/home/harshpc/ros2_ws/install/color_tracker/lib/python3.12/site-packages:${PYTHONPATH} /usr/bin/python3 -W ignore:setup.py install is deprecated -W ignore:easy_install command is deprecated setup.py egg_info --egg-base ../../build/color_tracker build --build-base /home/harshpc/ros2_ws/build/color_tracker/build install --record /home/harshpc/ros2_ws/build/color_tracker/install.log --single-version-externally-managed install_data
