[0.690s] Invoking command in '/home/harshpc/ros2_ws/src/color_tracker': DEBUGINFOD_URLS=https://debuginfod.ubuntu.com PYTHONPATH=/home/harshpc/ros2_ws/build/color_tracker/prefix_override:/usr/lib/python3/dist-packages/colcon_core/task/python/colcon_distutils_commands:/home/harshpc/ros2_ws/install/color_tracker/lib/python3.12/site-packages:${PYTHONPATH} /usr/bin/python3 -W ignore:setup.py install is deprecated -W ignore:easy_install command is deprecated setup.py egg_info --egg-base ../../build/color_tracker build --build-base /home/harshpc/ros2_ws/build/color_tracker/build install --record /home/harshpc/ros2_ws/build/color_tracker/install.log --single-version-externally-managed install_data
[0.936s] running egg_info
[0.952s] writing ../../build/color_tracker/color_tracker.egg-info/PKG-INFO
[0.952s] writing dependency_links to ../../build/color_tracker/color_tracker.egg-info/dependency_links.txt
[0.952s] writing entry points to ../../build/color_tracker/color_tracker.egg-info/entry_points.txt
[0.952s] writing requirements to ../../build/color_tracker/color_tracker.egg-info/requires.txt
[0.952s] writing top-level names to ../../build/color_tracker/color_tracker.egg-info/top_level.txt
[0.979s] reading manifest file '../../build/color_tracker/color_tracker.egg-info/SOURCES.txt'
[0.979s] writing manifest file '../../build/color_tracker/color_tracker.egg-info/SOURCES.txt'
[0.980s] running build
[0.980s] running build_py
[0.980s] copying color_tracker/color_detector.py -> /home/harshpc/ros2_ws/build/color_tracker/build/lib/color_tracker
[0.980s] running install
[0.984s] running install_lib
[0.998s] copying /home/harshpc/ros2_ws/build/color_tracker/build/lib/color_tracker/color_detector.py -> /home/harshpc/ros2_ws/install/color_tracker/lib/python3.12/site-packages/color_tracker
[0.998s] byte-compiling /home/harshpc/ros2_ws/install/color_tracker/lib/python3.12/site-packages/color_tracker/color_detector.py to color_detector.cpython-312.pyc
[0.999s] running install_data
[1.000s] running install_egg_info
[1.019s] removing '/home/harshpc/ros2_ws/install/color_tracker/lib/python3.12/site-packages/color_tracker-0.0.0-py3.12.egg-info' (and everything under it)
[1.019s] Copying ../../build/color_tracker/color_tracker.egg-info to /home/harshpc/ros2_ws/install/color_tracker/lib/python3.12/site-packages/color_tracker-0.0.0-py3.12.egg-info
[1.019s] running install_scripts
[1.134s] Installing color_detector script to /home/harshpc/ros2_ws/install/color_tracker/lib/color_tracker
[1.135s] Installing navigator script to /home/harshpc/ros2_ws/install/color_tracker/lib/color_tracker
[1.135s] writing list of installed files to '/home/harshpc/ros2_ws/build/color_tracker/install.log'
[1.160s] Invoked command in '/home/harshpc/ros2_ws/src/color_tracker' returned '0': DEBUGINFOD_URLS=https://debuginfod.ubuntu.com PYTHONPATH=/home/harshpc/ros2_ws/build/color_tracker/prefix_override:/usr/lib/python3/dist-packages/colcon_core/task/python/colcon_distutils_commands:/home/harshpc/ros2_ws/install/color_tracker/lib/python3.12/site-packages:${PYTHONPATH} /usr/bin/python3 -W ignore:setup.py install is deprecated -W ignore:easy_install command is deprecated setup.py egg_info --egg-base ../../build/color_tracker build --build-base /home/harshpc/ros2_ws/build/color_tracker/build install --record /home/harshpc/ros2_ws/build/color_tracker/install.log --single-version-externally-managed install_data
