[0.932s] Invoking command in '/home/harshpc/ros2_ws/src/color_tracker': DEBUGINFOD_URLS=https://debuginfod.ubuntu.com PYTHONPATH=/home/harshpc/ros2_ws/build/color_tracker/prefix_override:/usr/lib/python3/dist-packages/colcon_core/task/python/colcon_distutils_commands:/home/harshpc/ros2_ws/install/color_tracker/lib/python3.12/site-packages:${PYTHONPATH} /usr/bin/python3 -W ignore:setup.py install is deprecated -W ignore:easy_install command is deprecated setup.py egg_info --egg-base ../../build/color_tracker build --build-base /home/harshpc/ros2_ws/build/color_tracker/build install --record /home/harshpc/ros2_ws/build/color_tracker/install.log --single-version-externally-managed install_data
[1.200s] running egg_info
[1.219s] writing ../../build/color_tracker/color_tracker.egg-info/PKG-INFO
[1.219s] writing dependency_links to ../../build/color_tracker/color_tracker.egg-info/dependency_links.txt
[1.220s] writing entry points to ../../build/color_tracker/color_tracker.egg-info/entry_points.txt
[1.220s] writing requirements to ../../build/color_tracker/color_tracker.egg-info/requires.txt
[1.220s] writing top-level names to ../../build/color_tracker/color_tracker.egg-info/top_level.txt
[1.261s] reading manifest file '../../build/color_tracker/color_tracker.egg-info/SOURCES.txt'
[1.262s] writing manifest file '../../build/color_tracker/color_tracker.egg-info/SOURCES.txt'
[1.262s] running build
[1.262s] running build_py
[1.263s] running install
[1.271s] running install_lib
[1.302s] running install_data
[1.302s] running install_egg_info
[1.328s] removing '/home/harshpc/ros2_ws/install/color_tracker/lib/python3.12/site-packages/color_tracker-0.0.0-py3.12.egg-info' (and everything under it)
[1.329s] Copying ../../build/color_tracker/color_tracker.egg-info to /home/harshpc/ros2_ws/install/color_tracker/lib/python3.12/site-packages/color_tracker-0.0.0-py3.12.egg-info
[1.329s] running install_scripts
[1.462s] Installing color_detector script to /home/harshpc/ros2_ws/install/color_tracker/lib/color_tracker
[1.462s] Installing navigator script to /home/harshpc/ros2_ws/install/color_tracker/lib/color_tracker
[1.462s] writing list of installed files to '/home/harshpc/ros2_ws/build/color_tracker/install.log'
[1.490s] Invoked command in '/home/harshpc/ros2_ws/src/color_tracker' returned '0': DEBUGINFOD_URLS=https://debuginfod.ubuntu.com PYTHONPATH=/home/harshpc/ros2_ws/build/color_tracker/prefix_override:/usr/lib/python3/dist-packages/colcon_core/task/python/colcon_distutils_commands:/home/harshpc/ros2_ws/install/color_tracker/lib/python3.12/site-packages:${PYTHONPATH} /usr/bin/python3 -W ignore:setup.py install is deprecated -W ignore:easy_install command is deprecated setup.py egg_info --egg-base ../../build/color_tracker build --build-base /home/harshpc/ros2_ws/build/color_tracker/build install --record /home/harshpc/ros2_ws/build/color_tracker/install.log --single-version-externally-managed install_data
