running egg_info
writing ../../build/color_tracker/color_tracker.egg-info/PKG-INFO
writing dependency_links to ../../build/color_tracker/color_tracker.egg-info/dependency_links.txt
writing entry points to ../../build/color_tracker/color_tracker.egg-info/entry_points.txt
writing requirements to ../../build/color_tracker/color_tracker.egg-info/requires.txt
writing top-level names to ../../build/color_tracker/color_tracker.egg-info/top_level.txt
reading manifest file '../../build/color_tracker/color_tracker.egg-info/SOURCES.txt'
writing manifest file '../../build/color_tracker/color_tracker.egg-info/SOURCES.txt'
running build
running build_py
copying color_tracker/color_tracker.py -> /home/harshpc/ros2_ws/build/color_tracker/build/lib/color_tracker
running install
running install_lib
copying /home/harshpc/ros2_ws/build/color_tracker/build/lib/color_tracker/color_tracker.py -> /home/harshpc/ros2_ws/install/color_tracker/lib/python3.12/site-packages/color_tracker
byte-compiling /home/harshpc/ros2_ws/install/color_tracker/lib/python3.12/site-packages/color_tracker/color_tracker.py to color_tracker.cpython-312.pyc
running install_data
running install_egg_info
removing '/home/harshpc/ros2_ws/install/color_tracker/lib/python3.12/site-packages/color_tracker-0.0.0-py3.12.egg-info' (and everything under it)
Copying ../../build/color_tracker/color_tracker.egg-info to /home/harshpc/ros2_ws/install/color_tracker/lib/python3.12/site-packages/color_tracker-0.0.0-py3.12.egg-info
running install_scripts
Installing color_tracker script to /home/harshpc/ros2_ws/install/color_tracker/lib/color_tracker
writing list of installed files to '/home/harshpc/ros2_ws/build/color_tracker/install.log'
