[0.684s] Invoking command in '/home/harshpc/ros2_ws/src/color_tracker': DEBUGINFOD_URLS=https://debuginfod.ubuntu.com PYTHONPATH=/home/harshpc/ros2_ws/build/color_tracker/prefix_override:/usr/lib/python3/dist-packages/colcon_core/task/python/colcon_distutils_commands:/home/harshpc/ros2_ws/install/color_tracker/lib/python3.12/site-packages:${PYTHONPATH} /usr/bin/python3 -W ignore:setup.py install is deprecated -W ignore:easy_install command is deprecated setup.py egg_info --egg-base ../../build/color_tracker build --build-base /home/harshpc/ros2_ws/build/color_tracker/build install --record /home/harshpc/ros2_ws/build/color_tracker/install.log --single-version-externally-managed install_data
[0.888s] running egg_info
[0.902s] writing ../../build/color_tracker/color_tracker.egg-info/PKG-INFO
[0.902s] writing dependency_links to ../../build/color_tracker/color_tracker.egg-info/dependency_links.txt
[0.902s] writing entry points to ../../build/color_tracker/color_tracker.egg-info/entry_points.txt
[0.902s] writing requirements to ../../build/color_tracker/color_tracker.egg-info/requires.txt
[0.902s] writing top-level names to ../../build/color_tracker/color_tracker.egg-info/top_level.txt
[0.933s] reading manifest file '../../build/color_tracker/color_tracker.egg-info/SOURCES.txt'
[0.933s] writing manifest file '../../build/color_tracker/color_tracker.egg-info/SOURCES.txt'
[0.933s] running build
[0.933s] running build_py
[0.934s] copying color_tracker/color_tracker.py -> /home/harshpc/ros2_ws/build/color_tracker/build/lib/color_tracker
[0.934s] running install
[0.938s] running install_lib
[0.954s] copying /home/harshpc/ros2_ws/build/color_tracker/build/lib/color_tracker/color_tracker.py -> /home/harshpc/ros2_ws/install/color_tracker/lib/python3.12/site-packages/color_tracker
[0.955s] byte-compiling /home/harshpc/ros2_ws/install/color_tracker/lib/python3.12/site-packages/color_tracker/color_tracker.py to color_tracker.cpython-312.pyc
[0.956s] running install_data
[0.956s] running install_egg_info
[0.972s] removing '/home/harshpc/ros2_ws/install/color_tracker/lib/python3.12/site-packages/color_tracker-0.0.0-py3.12.egg-info' (and everything under it)
[0.972s] Copying ../../build/color_tracker/color_tracker.egg-info to /home/harshpc/ros2_ws/install/color_tracker/lib/python3.12/site-packages/color_tracker-0.0.0-py3.12.egg-info
[0.973s] running install_scripts
[1.071s] Installing color_tracker script to /home/harshpc/ros2_ws/install/color_tracker/lib/color_tracker
[1.071s] writing list of installed files to '/home/harshpc/ros2_ws/build/color_tracker/install.log'
[1.099s] Invoked command in '/home/harshpc/ros2_ws/src/color_tracker' returned '0': DEBUGINFOD_URLS=https://debuginfod.ubuntu.com PYTHONPATH=/home/harshpc/ros2_ws/build/color_tracker/prefix_override:/usr/lib/python3/dist-packages/colcon_core/task/python/colcon_distutils_commands:/home/harshpc/ros2_ws/install/color_tracker/lib/python3.12/site-packages:${PYTHONPATH} /usr/bin/python3 -W ignore:setup.py install is deprecated -W ignore:easy_install command is deprecated setup.py egg_info --egg-base ../../build/color_tracker build --build-base /home/harshpc/ros2_ws/build/color_tracker/build install --record /home/harshpc/ros2_ws/build/color_tracker/install.log --single-version-externally-managed install_data
